2025-05-29 18:10:44,493 - INFO - 🤖 Iniciando U2opia Bot...
2025-05-29 18:10:44,493 - INFO - Prompt seleccionado: 'Criaturas bioluminiscentes nadando en las profundidades de un océano abisal, creando un espectáculo de luz.'
2025-05-29 18:10:44,625 - ERROR - Error Forbidden (403) al tuitear: 403 Forbidden
You are not allowed to create a Tweet with duplicate content.. ¿Contenido duplicado o permisos insuficientes?
2025-05-29 18:10:44,625 - WARNING - El error parece ser por contenido duplicado. Revisa tus prompts.
2025-05-29 18:10:44,626 - ERROR - No se pudo publicar el prompt: 'Criaturas bioluminiscentes nadando en las profundidades de un océano abisal, creando un espectáculo de luz.'. No se marcará como usado.
2025-05-29 18:10:44,626 - INFO - 🤖 U2opia Bot ha finalizado su ejecución.
2025-05-29 18:18:30,399 - INFO - 🤖 Iniciando U2opia Bot...
2025-05-29 18:18:30,399 - INFO - Prompt seleccionado: 'El interior de una nave espacial generacional, con ecosistemas completos y vistas a nebulosas distantes a través de sus ventanales.'
2025-05-29 18:18:30,566 - INFO - Tuit publicado exitosamente! ID: 1928153995199000677
2025-05-29 18:18:30,566 - INFO - Prompt 'El interior de una nave espacial generacional, con ecosistemas completos y vistas a nebulosas distantes a través de sus ventanales.' marcado como usado.
2025-05-29 18:18:30,567 - INFO - 🤖 U2opia Bot ha finalizado su ejecución.
2025-05-30 01:04:11,098 - INFO - 🤖 Iniciando U2opia Bot...
2025-05-30 01:04:11,099 - INFO - Prompt seleccionado: 'Un robot jardinero cuidando con esmero un oasis de plantas exóticas en medio de un desierto post-apocalíptico.'
2025-05-30 01:04:11,273 - INFO - Tuit publicado exitosamente! ID: 1928256087553102077
2025-05-30 01:04:11,273 - INFO - Prompt 'Un robot jardinero cuidando con esmero un oasis de plantas exóticas en medio de un desierto post-apocalíptico.' marcado como usado.
2025-05-30 01:04:11,273 - INFO - 🤖 U2opia Bot ha finalizado su ejecución.
2025-05-30 06:19:28,942 - INFO - 🤖 Iniciando U2opia Bot...
2025-05-30 06:19:28,943 - INFO - Prompt seleccionado: 'Una biblioteca infinita construida dentro de un árbol colosal, con libros que flotan y escaleras de caracol hechas de ramas.'
2025-05-30 06:19:29,095 - INFO - Tuit publicado exitosamente! ID: 1928335434611839341
2025-05-30 06:19:29,095 - INFO - Prompt 'Una biblioteca infinita construida dentro de un árbol colosal, con libros que flotan y escaleras de caracol hechas de ramas.' marcado como usado.
2025-05-30 06:19:29,095 - INFO - 🤖 U2opia Bot ha finalizado su ejecución.
2025-05-30 13:32:04,610 - INFO - 🤖 Iniciando U2opia Bot...
2025-05-30 13:32:04,610 - INFO - Prompt seleccionado: 'Follower, ya probaste esto en aistudio? "Visualiza un festival donde las constelaciones bajan del cielo y bailan con la gente en la Tierra por una noche mágica."'
2025-05-30 13:32:04,805 - INFO - Tuit publicado exitosamente! ID: 1928444300645236944
2025-05-30 13:32:04,805 - INFO - Prompt 'Follower, ya probaste esto en aistudio? "Visualiza un festival donde las constelaciones bajan del cielo y bailan con la gente en la Tierra por una noche mágica."' marcado como usado.
2025-05-30 13:32:04,805 - INFO - 🤖 U2opia Bot ha finalizado su ejecución.
